<?xml version="1.0" encoding="UTF-8"?>
<!-- Generated by org.testng.reporters.JUnitReportReporter -->
<testsuite hostname="GP-PC-001" failures="0" tests="1" name="testNG_1.testNg1" time="17.680" errors="0" timestamp="30 Jan 2024 05:15:22 GMT">
  <testcase classname="testNG_1.testNg1" name="addcustomer" time="17.680"/>
</testsuite> <!-- testNG_1.testNg1 -->
